<?xml version="1.0" encoding="UTF-8" ?>
<testsuite failures="0" time="0.293" errors="0" skipped="0" tests="2" name="com.bia.monitor.service.EmailServiceImplTest">
  <properties>
    <property name="java.runtime.name" value="Java(TM) SE Runtime Environment"/>
    <property name="sun.boot.library.path" value="/System/Library/Java/JavaVirtualMachines/1.6.0.jdk/Contents/Libraries"/>
    <property name="java.vm.version" value="20.6-b01-415"/>
    <property name="awt.nativeDoubleBuffering" value="true"/>
    <property name="gopherProxySet" value="false"/>
    <property name="mrj.build" value="11M3635"/>
    <property name="java.vm.vendor" value="Apple Inc."/>
    <property name="java.vendor.url" value="http://www.apple.com/"/>
    <property name="path.separator" value=":"/>
    <property name="java.vm.name" value="Java HotSpot(TM) 64-Bit Server VM"/>
    <property name="file.encoding.pkg" value="sun.io"/>
    <property name="user.country" value="US"/>
    <property name="sun.java.launcher" value="SUN_STANDARD"/>
    <property name="sun.os.patch.level" value="unknown"/>
    <property name="java.vm.specification.name" value="Java Virtual Machine Specification"/>
    <property name="user.dir" value="/Users/intesar/NetBeansProjects/Monitor"/>
    <property name="java.runtime.version" value="1.6.0_31-b04-415-11M3635"/>
    <property name="java.awt.graphicsenv" value="apple.awt.CGraphicsEnvironment"/>
    <property name="basedir" value="/Users/intesar/NetBeansProjects/Monitor"/>
    <property name="java.endorsed.dirs" value="/System/Library/Java/JavaVirtualMachines/1.6.0.jdk/Contents/Home/lib/endorsed"/>
    <property name="os.arch" value="x86_64"/>
    <property name="surefire.real.class.path" value="/Users/intesar/NetBeansProjects/Monitor/target/surefire/surefirebooter1801150430950040320.jar"/>
    <property name="java.io.tmpdir" value="/var/folders/0l/l38fch5j6872y82rzm5yl5q40000gn/T/"/>
    <property name="line.separator" value="
"/>
    <property name="java.vm.specification.vendor" value="Sun Microsystems Inc."/>
    <property name="os.name" value="Mac OS X"/>
    <property name="sun.jnu.encoding" value="MacRoman"/>
    <property name="java.library.path" value=".:/Library/Java/Extensions:/System/Library/Java/Extensions:/usr/lib/java"/>
    <property name="surefire.test.class.path" value="/Users/intesar/NetBeansProjects/Monitor/target/test-classes:/Users/intesar/NetBeansProjects/Monitor/target/classes:/Users/intesar/.m2/repository/javax/mail/mail/1.4/mail-1.4.jar:/Users/intesar/.m2/repository/javax/activation/activation/1.1/activation-1.1.jar:/Users/intesar/.m2/repository/log4j/log4j/1.2.15/log4j-1.2.15.jar:/Users/intesar/.m2/repository/commons-validator/commons-validator/1.4.0/commons-validator-1.4.0.jar:/Users/intesar/.m2/repository/commons-beanutils/commons-beanutils/1.8.3/commons-beanutils-1.8.3.jar:/Users/intesar/.m2/repository/commons-digester/commons-digester/1.8/commons-digester-1.8.jar:/Users/intesar/.m2/repository/commons-logging/commons-logging/1.1.1/commons-logging-1.1.1.jar:/Users/intesar/.m2/repository/com/sun/jersey/jersey-server/1.8/jersey-server-1.8.jar:/Users/intesar/.m2/repository/asm/asm/3.1/asm-3.1.jar:/Users/intesar/.m2/repository/com/sun/jersey/jersey-core/1.8/jersey-core-1.8.jar:/Users/intesar/.m2/repository/com/sun/jersey/jersey-json/1.1.0-ea/jersey-json-1.1.0-ea.jar:/Users/intesar/.m2/repository/org/codehaus/jettison/jettison/1.1/jettison-1.1.jar:/Users/intesar/.m2/repository/stax/stax-api/1.0.1/stax-api-1.0.1.jar:/Users/intesar/.m2/repository/com/sun/xml/bind/jaxb-impl/2.1.10/jaxb-impl-2.1.10.jar:/Users/intesar/.m2/repository/javax/xml/bind/jaxb-api/2.1/jaxb-api-2.1.jar:/Users/intesar/.m2/repository/javax/xml/stream/stax-api/1.0-2/stax-api-1.0-2.jar:/Users/intesar/.m2/repository/org/codehaus/jackson/jackson-asl/0.9.4/jackson-asl-0.9.4.jar:/Users/intesar/.m2/repository/com/sun/jersey/contribs/jersey-spring/1.13-b01/jersey-spring-1.13-b01.jar:/Users/intesar/.m2/repository/com/sun/jersey/jersey-servlet/1.13-b01/jersey-servlet-1.13-b01.jar:/Users/intesar/.m2/repository/javax/servlet/servlet-api/2.5/servlet-api-2.5.jar:/Users/intesar/.m2/repository/javax/servlet/jsp/jsp-api/2.1/jsp-api-2.1.jar:/Users/intesar/.m2/repository/junit/junit/4.10/junit-4.10.jar:/Users/intesar/.m2/repository/org/hamcrest/hamcrest-core/1.1/hamcrest-core-1.1.jar:/Users/intesar/.m2/repository/org/springframework/data/spring-data-mongodb/1.0.0.M5/spring-data-mongodb-1.0.0.M5.jar:/Users/intesar/.m2/repository/org/springframework/spring-beans/3.0.6.RELEASE/spring-beans-3.0.6.RELEASE.jar:/Users/intesar/.m2/repository/org/springframework/spring-core/3.0.6.RELEASE/spring-core-3.0.6.RELEASE.jar:/Users/intesar/.m2/repository/org/springframework/spring-asm/3.0.6.RELEASE/spring-asm-3.0.6.RELEASE.jar:/Users/intesar/.m2/repository/org/springframework/spring-expression/3.0.6.RELEASE/spring-expression-3.0.6.RELEASE.jar:/Users/intesar/.m2/repository/org/springframework/data/spring-data-commons-core/1.2.0.M2/spring-data-commons-core-1.2.0.M2.jar:/Users/intesar/.m2/repository/org/springframework/spring-tx/3.0.6.RELEASE/spring-tx-3.0.6.RELEASE.jar:/Users/intesar/.m2/repository/aopalliance/aopalliance/1.0/aopalliance-1.0.jar:/Users/intesar/.m2/repository/org/springframework/spring-aop/3.0.6.RELEASE/spring-aop-3.0.6.RELEASE.jar:/Users/intesar/.m2/repository/org/springframework/spring-context/3.0.6.RELEASE/spring-context-3.0.6.RELEASE.jar:/Users/intesar/.m2/repository/org/mongodb/mongo-java-driver/2.6.5/mongo-java-driver-2.6.5.jar:"/>
    <property name="java.specification.name" value="Java Platform API Specification"/>
    <property name="java.class.version" value="50.0"/>
    <property name="sun.management.compiler" value="HotSpot 64-Bit Tiered Compilers"/>
    <property name="os.version" value="10.7.4"/>
    <property name="http.nonProxyHosts" value="local|*.local|169.254/16|*.169.254/16"/>
    <property name="user.home" value="/Users/intesar"/>
    <property name="user.timezone" value="America/Los_Angeles"/>
    <property name="java.awt.printerjob" value="apple.awt.CPrinterJob"/>
    <property name="java.specification.version" value="1.6"/>
    <property name="file.encoding" value="MacRoman"/>
    <property name="user.name" value="intesar"/>
    <property name="java.class.path" value="/Users/intesar/NetBeansProjects/Monitor/target/test-classes:/Users/intesar/NetBeansProjects/Monitor/target/classes:/Users/intesar/.m2/repository/javax/mail/mail/1.4/mail-1.4.jar:/Users/intesar/.m2/repository/javax/activation/activation/1.1/activation-1.1.jar:/Users/intesar/.m2/repository/log4j/log4j/1.2.15/log4j-1.2.15.jar:/Users/intesar/.m2/repository/commons-validator/commons-validator/1.4.0/commons-validator-1.4.0.jar:/Users/intesar/.m2/repository/commons-beanutils/commons-beanutils/1.8.3/commons-beanutils-1.8.3.jar:/Users/intesar/.m2/repository/commons-digester/commons-digester/1.8/commons-digester-1.8.jar:/Users/intesar/.m2/repository/commons-logging/commons-logging/1.1.1/commons-logging-1.1.1.jar:/Users/intesar/.m2/repository/com/sun/jersey/jersey-server/1.8/jersey-server-1.8.jar:/Users/intesar/.m2/repository/asm/asm/3.1/asm-3.1.jar:/Users/intesar/.m2/repository/com/sun/jersey/jersey-core/1.8/jersey-core-1.8.jar:/Users/intesar/.m2/repository/com/sun/jersey/jersey-json/1.1.0-ea/jersey-json-1.1.0-ea.jar:/Users/intesar/.m2/repository/org/codehaus/jettison/jettison/1.1/jettison-1.1.jar:/Users/intesar/.m2/repository/stax/stax-api/1.0.1/stax-api-1.0.1.jar:/Users/intesar/.m2/repository/com/sun/xml/bind/jaxb-impl/2.1.10/jaxb-impl-2.1.10.jar:/Users/intesar/.m2/repository/javax/xml/bind/jaxb-api/2.1/jaxb-api-2.1.jar:/Users/intesar/.m2/repository/javax/xml/stream/stax-api/1.0-2/stax-api-1.0-2.jar:/Users/intesar/.m2/repository/org/codehaus/jackson/jackson-asl/0.9.4/jackson-asl-0.9.4.jar:/Users/intesar/.m2/repository/com/sun/jersey/contribs/jersey-spring/1.13-b01/jersey-spring-1.13-b01.jar:/Users/intesar/.m2/repository/com/sun/jersey/jersey-servlet/1.13-b01/jersey-servlet-1.13-b01.jar:/Users/intesar/.m2/repository/javax/servlet/servlet-api/2.5/servlet-api-2.5.jar:/Users/intesar/.m2/repository/javax/servlet/jsp/jsp-api/2.1/jsp-api-2.1.jar:/Users/intesar/.m2/repository/junit/junit/4.10/junit-4.10.jar:/Users/intesar/.m2/repository/org/hamcrest/hamcrest-core/1.1/hamcrest-core-1.1.jar:/Users/intesar/.m2/repository/org/springframework/data/spring-data-mongodb/1.0.0.M5/spring-data-mongodb-1.0.0.M5.jar:/Users/intesar/.m2/repository/org/springframework/spring-beans/3.0.6.RELEASE/spring-beans-3.0.6.RELEASE.jar:/Users/intesar/.m2/repository/org/springframework/spring-core/3.0.6.RELEASE/spring-core-3.0.6.RELEASE.jar:/Users/intesar/.m2/repository/org/springframework/spring-asm/3.0.6.RELEASE/spring-asm-3.0.6.RELEASE.jar:/Users/intesar/.m2/repository/org/springframework/spring-expression/3.0.6.RELEASE/spring-expression-3.0.6.RELEASE.jar:/Users/intesar/.m2/repository/org/springframework/data/spring-data-commons-core/1.2.0.M2/spring-data-commons-core-1.2.0.M2.jar:/Users/intesar/.m2/repository/org/springframework/spring-tx/3.0.6.RELEASE/spring-tx-3.0.6.RELEASE.jar:/Users/intesar/.m2/repository/aopalliance/aopalliance/1.0/aopalliance-1.0.jar:/Users/intesar/.m2/repository/org/springframework/spring-aop/3.0.6.RELEASE/spring-aop-3.0.6.RELEASE.jar:/Users/intesar/.m2/repository/org/springframework/spring-context/3.0.6.RELEASE/spring-context-3.0.6.RELEASE.jar:/Users/intesar/.m2/repository/org/mongodb/mongo-java-driver/2.6.5/mongo-java-driver-2.6.5.jar:"/>
    <property name="java.vm.specification.version" value="1.0"/>
    <property name="sun.arch.data.model" value="64"/>
    <property name="java.home" value="/System/Library/Java/JavaVirtualMachines/1.6.0.jdk/Contents/Home"/>
    <property name="sun.java.command" value="/Users/intesar/NetBeansProjects/Monitor/target/surefire/surefirebooter1801150430950040320.jar /Users/intesar/NetBeansProjects/Monitor/target/surefire/surefire869015435980746834tmp /Users/intesar/NetBeansProjects/Monitor/target/surefire/surefire8856351398140394977tmp"/>
    <property name="java.specification.vendor" value="Sun Microsystems Inc."/>
    <property name="user.language" value="en"/>
    <property name="awt.toolkit" value="apple.awt.CToolkit"/>
    <property name="java.vm.info" value="mixed mode"/>
    <property name="java.version" value="1.6.0_31"/>
    <property name="java.ext.dirs" value="/Library/Java/Extensions:/System/Library/Java/Extensions:/System/Library/Java/JavaVirtualMachines/1.6.0.jdk/Contents/Home/lib/ext"/>
    <property name="sun.boot.class.path" value="/System/Library/Java/JavaVirtualMachines/1.6.0.jdk/Contents/Classes/jsfd.jar:/System/Library/Java/JavaVirtualMachines/1.6.0.jdk/Contents/Classes/classes.jar:/System/Library/Frameworks/JavaVM.framework/Frameworks/JavaRuntimeSupport.framework/Resources/Java/JavaRuntimeSupport.jar:/System/Library/Java/JavaVirtualMachines/1.6.0.jdk/Contents/Classes/ui.jar:/System/Library/Java/JavaVirtualMachines/1.6.0.jdk/Contents/Classes/laf.jar:/System/Library/Java/JavaVirtualMachines/1.6.0.jdk/Contents/Classes/sunrsasign.jar:/System/Library/Java/JavaVirtualMachines/1.6.0.jdk/Contents/Classes/jsse.jar:/System/Library/Java/JavaVirtualMachines/1.6.0.jdk/Contents/Classes/jce.jar:/System/Library/Java/JavaVirtualMachines/1.6.0.jdk/Contents/Classes/charsets.jar"/>
    <property name="java.vendor" value="Apple Inc."/>
    <property name="localRepository" value="/Users/intesar/.m2/repository"/>
    <property name="file.separator" value="/"/>
    <property name="java.vendor.url.bug" value="http://bugreport.apple.com/"/>
    <property name="sun.cpu.endian" value="little"/>
    <property name="sun.io.unicode.encoding" value="UnicodeLittle"/>
    <property name="mrj.version" value="1070.1.6.0_31-415"/>
    <property name="socksNonProxyHosts" value="local|*.local|169.254/16|*.169.254/16"/>
    <property name="ftp.nonProxyHosts" value="local|*.local|169.254/16|*.169.254/16"/>
    <property name="sun.cpu.isalist" value=""/>
  </properties>
  <testcase time="0.051" classname="com.bia.monitor.service.EmailServiceImplTest" name="testSendEmail_3args_1"/>
  <testcase time="0.001" classname="com.bia.monitor.service.EmailServiceImplTest" name="testSendEmail_3args_2"/>
</testsuite>